app/build/intermediates/manifest_merge_blame_file/debug/manifest-merger-blame-debug-report.txt
1<?xml version="1.0" encoding="utf-8"?>
2<manifest xmlns:android="http://schemas.android.com/apk/res/android"
3    package="com.example.myapplication"
4    android:versionCode="1"
5    android:versionName="1.0" >
6
7    <uses-sdk
8        android:minSdkVersion="14"
8-->src\main\AndroidManifest.xml
9        android:targetSdkVersion="30" />
9-->src\main\AndroidManifest.xml
10
11    <application
11-->src\main\AndroidManifest.xml:5:5-51:19
12        android:allowBackup="true"
12-->src\main\AndroidManifest.xml:6:9-35
13        android:appComponentFactory="androidx.core.app.CoreComponentFactory"
13-->[androidx.core:core:1.1.0] AndroidManifest.xml:24:18-86
14        android:debuggable="true"
15        android:icon="@drawable/logo1"
15-->src\main\AndroidManifest.xml:7:9-39
16        android:label="@string/app_name"
16-->src\main\AndroidManifest.xml:8:9-41
17        android:roundIcon="@drawable/logo1"
17-->src\main\AndroidManifest.xml:9:9-44
18        android:supportsRtl="true"
18-->src\main\AndroidManifest.xml:10:9-35
19        android:theme="@style/AppTheme_white" >
19-->src\main\AndroidManifest.xml:11:9-46
20        <activity
20-->src\main\AndroidManifest.xml:13:9-21:20
21            android:name="com.example.myapplication.splash_screen"
21-->src\main\AndroidManifest.xml:13:19-48
22            android:screenOrientation="portrait"
22-->src\main\AndroidManifest.xml:14:13-49
23            android:theme="@style/AppTheme.NoActionBar" >
23-->src\main\AndroidManifest.xml:15:13-56
24            <intent-filter>
24-->src\main\AndroidManifest.xml:16:13-20:29
25                <action android:name="android.intent.action.MAIN" />
25-->src\main\AndroidManifest.xml:17:17-69
25-->src\main\AndroidManifest.xml:17:25-66
26
27                <category android:name="android.intent.category.LAUNCHER" />
27-->src\main\AndroidManifest.xml:19:17-77
27-->src\main\AndroidManifest.xml:19:27-74
28            </intent-filter>
29        </activity>
30        <activity
30-->src\main\AndroidManifest.xml:23:9-26:20
31            android:name="com.example.myapplication.MainActivity"
31-->src\main\AndroidManifest.xml:23:19-47
32            android:screenOrientation="portrait"
32-->src\main\AndroidManifest.xml:24:13-49
33            android:theme="@style/AppTheme.NoActionBar" >
33-->src\main\AndroidManifest.xml:25:13-56
34        </activity>
35        <activity
35-->src\main\AndroidManifest.xml:28:9-32:20
36            android:name="com.example.myapplication.user_list"
36-->src\main\AndroidManifest.xml:28:19-44
37            android:label="Banking System"
37-->src\main\AndroidManifest.xml:30:13-43
38            android:screenOrientation="portrait"
38-->src\main\AndroidManifest.xml:29:13-49
39            android:theme="@style/AppTheme" >
39-->src\main\AndroidManifest.xml:31:13-44
40        </activity>
41        <activity
41-->src\main\AndroidManifest.xml:34:9-38:46
42            android:name="com.example.myapplication.user_data"
42-->src\main\AndroidManifest.xml:34:19-44
43            android:label="User Details"
43-->src\main\AndroidManifest.xml:37:13-41
44            android:parentActivityName="com.example.myapplication.user_list"
44-->src\main\AndroidManifest.xml:35:13-52
45            android:screenOrientation="portrait"
45-->src\main\AndroidManifest.xml:36:13-49
46            android:theme="@style/AppTheme" />
46-->src\main\AndroidManifest.xml:38:13-44
47        <activity
47-->src\main\AndroidManifest.xml:40:9-43:46
48            android:name="com.example.myapplication.sendtouser"
48-->src\main\AndroidManifest.xml:40:19-45
49            android:label="Transfer Money"
49-->src\main\AndroidManifest.xml:42:13-43
50            android:screenOrientation="portrait"
50-->src\main\AndroidManifest.xml:41:13-49
51            android:theme="@style/AppTheme" />
51-->src\main\AndroidManifest.xml:43:13-44
52        <activity
52-->src\main\AndroidManifest.xml:45:9-49:46
53            android:name="com.example.myapplication.history_list"
53-->src\main\AndroidManifest.xml:45:19-47
54            android:label="Transactions"
54-->src\main\AndroidManifest.xml:48:13-41
55            android:parentActivityName="com.example.myapplication.user_list"
55-->src\main\AndroidManifest.xml:46:13-52
56            android:screenOrientation="portrait"
56-->src\main\AndroidManifest.xml:47:13-49
57            android:theme="@style/AppTheme" />
57-->src\main\AndroidManifest.xml:49:13-44
58    </application>
59
60</manifest>